

/******************************************************************************************
* WriteStepFile diagnostics.
* Date:                           Tue Dec 07 15:26:53 2021 
* Produced by:                    The EXPRESS Data Manager Version 5.02.0100.07 : 28 Aug 2013
* Module:                         EDMstepFileFactory/EDMstandAlone
* Host:                           D-309
* Database:                       C:\Users\efavreau\AppData\Local\Temp\387d6449-67bf-4b19-98a9-5bee34576827\92cd7e9e-b560-4ecb-bcbc-b16482a16562\ifc
* Database version:               5507
* Database creation date:         Tue Dec 07 15:26:51 2021
* Model:                          DataRepository.ifc
* Model creation date:            Tue Dec 07 15:26:51 2021
* Header model:                   DataRepository.ifc_HeaderModel
* Header model creation date:     Tue Dec 07 15:26:51 2021
* Step file:                      rac_V2020_01.ifc
* EDMuser:                        sdai-user
* EDMgroup:                       sdai-group
* License ID and type:            5605 : Permanent license. Expiry date: 
* EDMstepFileFactory options:     020000
******************************************************************************************/


------------------------------------------------------------------------------------------------
Operation terminated successfully.
------------------------------------------------------------------------------------------------

